2011-03-09 10:13:22:[proxy] 构建版本信息统一,新版本1.4.0
2011-03-09 10:13:32:[server] 构建版本信息统一,新版本1.4.0
2011-03-09 10:13:42:[wup] 构建版本信息统一,新版本1.4.0
2011-04-06 09:46:00:[proxy] ServantProxy.java完全相信主控传来的活动列表1.4.1
2011-04-13 16:12:30:[proxy] 修改刷新服务策略，修改重连inactive列表bug,优化获取服务列表的解析方法, 消除stdout的错误日志, 修改hash策略，排除已死的hash后端,优化ServiceInfo去掉CopyOnWriteList 1.4.2
2011-04-18 15:22:10:[proxy] 修改bug 1、服务节点由活到死，ServiceInfo没有同步删除 2、服务节点由死到活（可能是刚刷新回来但没有来得及创建连接），这个时候selector选择会报错1.4.3
2011-06-02 09:51:51:[server] 增加服务端设置编码集
2011-06-29 10:37:51:[server] 增加动态代理、Config重构
2011-07-04 16:51:10:[server] Config兼容原有转义字符模式
2011-07-14 19:11:48:[proxy] 修改EndPointAdapter连接线程中断bug 1.4.4
2011-07-21 18:11:21:[proxy] 客户端stat重构，服务端增加对异步且回调为空的调用进行stat上报，客户端stat线程区别初始化 1.4.5
2011-07-21 18:11:49:[server] 客户端stat重构，服务端增加对异步且回调为空的调用进行stat上报，客户端stat线程区别初始化
2011-07-25 10:47:42:[proxy] 增加主控刷新逻辑，servant proxy增加哈希和判等方法1.4.5
2011-07-25 10:48:01:[server] 增加主控刷新逻辑，servant proxy增加哈希和判等方法1.4.5
2011-07-29 15:27:24:[proxy] 修正communicator上报的定时执行器初始化错误,修改server单向调用的modulename
2011-07-29 15:27:57:[server] 修正communicator上报的定时执行器初始化错误,修改server单向调用的modulename
2011-08-24 11:01:22:[proxy] stat覆盖问题修正
2011-09-08 09:30:50:[proxy] Proxy重构
2011-09-08 09:31:07:[server] stat覆盖问题修正
2011-09-20 15:21:06:[server] 客户端集成SET部署支持，将最大连接设置置为过时方法
2011-09-21 12:17:47:[proxy] 客户端集成SET部署支持，将最大连接设置置为过时方法
2011-09-27 14:41:13:[server] 优化受控线程池，防止惊群
2011-10-24 20:14:19:[proxy] Communicator非主控初始化proxyconfig增加缓存
2011-10-24 20:49:08:[proxy] 修改日志，增加日志可读性，增加判断proxy异步刷新配置频率判断
2011-10-26 15:56:07:[proxy] stat上报增加对set部署的支持
2011-10-28 17:55:08:[proxy] 修复serviceEndpoint.closeAll的空指针
2011-11-02 17:31:44:[proxy] 修正客户端调用分布不均问题
2011-11-02 17:32:32:[server] stat上报增加对set部署的支持
2011-11-07 16:56:01:[proxy] 客户端stat.reportMic调用改为异步,调用主控失败则从本地获取最新serviceinfos
2012-02-13 18:25:55:[server] stat上报增加对set部署的支持
2012-02-14 14:28:01:[server] 修正ManagedExecutor单线程问题
2012-02-15 13:29:17:[proxy] CommuncatorConfig构造函数增加对原函数的适配
2012-03-02 10:20:46:[server] 修正ManagedExecutor单线程问题
2012-03-03 17:36:45:[proxy] 修改直连时，服务状态改变，无法重新创建连接问题
2012-03-15 11:44:05:[proxy] 修改主控查询失败，客户端做活列表容错处理
2012-03-16 12:16:54:[server] 修正ManagedExecutor单线程问题
2012-03-19 14:42:15:[proxy] 修复ServiceInfos.getGridActiveService空指针异常，router的获取线程安全
